c:\users\archi\desktop\uni work\year 3\3015\cw2\cw2 coding\comp3015-cw2\x64\debug\vc142.pdb
c:\users\archi\desktop\uni work\year 3\3015\cw2\cw2 coding\comp3015-cw2\x64\debug\vc142.idb
c:\users\archi\desktop\uni work\year 3\3015\cw2\cw2 coding\comp3015-cw2\x64\debug\glad.obj
c:\users\archi\desktop\uni work\year 3\3015\cw2\cw2 coding\comp3015-cw2\x64\debug\scenebasic_uniform.obj
c:\users\archi\desktop\uni work\year 3\3015\cw2\cw2 coding\comp3015-cw2\x64\debug\main.obj
c:\users\archi\desktop\uni work\year 3\3015\cw2\cw2 coding\comp3015-cw2\x64\debug\trianglemesh.obj
c:\users\archi\desktop\uni work\year 3\3015\cw2\cw2 coding\comp3015-cw2\x64\debug\scene.obj
c:\users\archi\desktop\uni work\year 3\3015\cw2\cw2 coding\comp3015-cw2\x64\debug\plane.obj
c:\users\archi\desktop\uni work\year 3\3015\cw2\cw2 coding\comp3015-cw2\x64\debug\objmesh.obj
c:\users\archi\desktop\uni work\year 3\3015\cw2\cw2 coding\comp3015-cw2\x64\debug\glutils.obj
c:\users\archi\desktop\uni work\year 3\3015\cw2\cw2 coding\comp3015-cw2\x64\debug\glslprogram.obj
c:\users\archi\desktop\uni work\year 3\3015\cw2\cw2 coding\comp3015-cw2\x64\debug\3015cw2.exe
c:\users\archi\desktop\uni work\year 3\3015\cw2\cw2 coding\comp3015-cw2\x64\debug\3015cw2.ilk
c:\users\archi\desktop\uni work\year 3\3015\cw2\cw2 coding\comp3015-cw2\x64\debug\3015cw2.pdb
c:\users\archi\desktop\uni work\year 3\3015\cw2\cw2 coding\comp3015-cw2\x64\debug\3015cw2.tlog\cl.command.1.tlog
c:\users\archi\desktop\uni work\year 3\3015\cw2\cw2 coding\comp3015-cw2\x64\debug\3015cw2.tlog\cl.read.1.tlog
c:\users\archi\desktop\uni work\year 3\3015\cw2\cw2 coding\comp3015-cw2\x64\debug\3015cw2.tlog\cl.write.1.tlog
c:\users\archi\desktop\uni work\year 3\3015\cw2\cw2 coding\comp3015-cw2\x64\debug\3015cw2.tlog\link.command.1.tlog
c:\users\archi\desktop\uni work\year 3\3015\cw2\cw2 coding\comp3015-cw2\x64\debug\3015cw2.tlog\link.read.1.tlog
c:\users\archi\desktop\uni work\year 3\3015\cw2\cw2 coding\comp3015-cw2\x64\debug\3015cw2.tlog\link.write.1.tlog
